
> testingg@1.0.0 daemon
> node src/daemon.ts

node:internal/modules/run_main:107
    triggerUncaughtException(
    ^

file:///home/nyan/testingg/src/index.ts:278
      }
    })
     ^
  }

SyntaxError [ERR_INVALID_TYPESCRIPT_SYNTAX]: Expression expected
    at parseTypeScript (node:internal/modules/typescript:72:36)
    at processTypeScriptCode (node:internal/modules/typescript:146:42)
    at stripTypeScriptModuleTypes (node:internal/modules/typescript:209:22)
    at ModuleLoader.<anonymous> (node:internal/modules/esm/translators:663:29)
    at #translate (node:internal/modules/esm/loader:467:20)
    at afterLoad (node:internal/modules/esm/loader:523:29)
    at ModuleLoader.loadAndTranslate (node:internal/modules/esm/loader:528:12)
    at #getOrCreateModuleJobAfterResolve (node:internal/modules/esm/loader:565:36)
    at afterResolve (node:internal/modules/esm/loader:618:52)
    at ModuleLoader.getOrCreateModuleJob (node:internal/modules/esm/loader:624:12) {
  code: 'ERR_INVALID_TYPESCRIPT_SYNTAX'
}

Node.js v25.2.1
